{
  "stats": {
    "suites": 0,
    "tests": 31,
    "passes": 31,
    "pending": 0,
    "failures": 0,
    "start": "2022-05-10T11:10:48.135Z",
    "end": "2022-05-10T11:10:58.829Z",
    "duration": 10694,
    "testsRegistered": 31,
    "passPercent": 100,
    "pendingPercent": 0,
    "other": 0,
    "hasOther": false,
    "skipped": 0,
    "hasSkipped": false
  },
  "results": [
    {
      "uuid": "4e019844-d344-4808-91ad-39f5ce575cc3",
      "title": "",
      "fullFile": "",
      "file": "/Users/mxolisingcobo/Automation/Wyzetalk/automation-tests/api-tests/src/smart-recruiters/test/QA-Int-Appl.test.js",
      "beforeHooks": [],
      "afterHooks": [],
      "tests": [
        {
          "title": "POST /login-test",
          "fullTitle": "POST /login-test",
          "timedOut": false,
          "duration": 201,
          "state": "passed",
          "speed": "slow",
          "pass": true,
          "fail": false,
          "pending": false,
          "context": null,
          "code": "return baseUrl.post('/ussd/login').send(data_ussdSmartLogin).then(function (res) {\n  Cookie = res.headers[\"set-cookie\"][0].split(';')[0]; //console.log(Cookie); \n  (0, _chai.expect)(res).to.not.be.empty;\n  (0, _chai.expect)(res.statusCode).to.eq(200); //console.log(res.status);\n});",
          "err": {},
          "uuid": "adb3e099-34c9-432a-ba54-6e85145f129e",
          "parentUUID": "4e019844-d344-4808-91ad-39f5ce575cc3",
          "isHook": false,
          "skipped": false
        },
        {
          "title": "POST /dial-ussd-string",
          "fullTitle": "POST /dial-ussd-string",
          "timedOut": false,
          "duration": 252,
          "state": "passed",
          "speed": "slow",
          "pass": true,
          "fail": false,
          "pending": false,
          "context": null,
          "code": "return baseUrl.post('/ussd/dialer').set('Cookie', Cookie).send(data_msg_ussdstr).then(function (res) {\n  (0, _chai.expect)(res).to.not.be.empty;\n  (0, _chai.expect)(res.statusCode).to.eq(200);\n  (0, _chai.expect)(res.body.msg).to.contain(\"Welcome to the Anglo American Job Opportunities\");\n  console.log(res.body.msg);\n});",
          "err": {},
          "uuid": "3cb53e9f-3bc5-4276-bb1f-431020e64254",
          "parentUUID": "4e019844-d344-4808-91ad-39f5ce575cc3",
          "isHook": false,
          "skipped": false
        },
        {
          "title": "POST /access-portal",
          "fullTitle": "POST /access-portal",
          "timedOut": false,
          "duration": 174,
          "state": "passed",
          "speed": "slow",
          "pass": true,
          "fail": false,
          "pending": false,
          "context": null,
          "code": "return baseUrl.post('/ussd/dialer').set('Cookie', \"\".concat(Cookie)).send(data_msg_1).then(function (res) {\n  (0, _chai.expect)(res).to.not.be.empty;\n  (0, _chai.expect)(res.statusCode).to.eq(200);\n  (0, _chai.expect)(res.body.msg).to.contain(\"Job Applications\");\n  console.log(res.body.msg);\n});",
          "err": {},
          "uuid": "9db68205-00a7-4ce3-81c0-bb600f2bc76e",
          "parentUUID": "4e019844-d344-4808-91ad-39f5ce575cc3",
          "isHook": false,
          "skipped": false
        },
        {
          "title": "POST /apply",
          "fullTitle": "POST /apply",
          "timedOut": false,
          "duration": 156,
          "state": "passed",
          "speed": "slow",
          "pass": true,
          "fail": false,
          "pending": false,
          "context": null,
          "code": "return baseUrl.post('/ussd/dialer').set('Cookie', \"\".concat(Cookie)).send(data_msg_1).then(function (res) {\n  (0, _chai.expect)(res).to.not.be.empty;\n  (0, _chai.expect)(res.statusCode).to.eq(200);\n  (0, _chai.expect)(res.body.msg).to.contain(\"Please enter Job Reference Number\"); //console.log(res.body.msg);\n});",
          "err": {},
          "uuid": "78f1d07a-750e-407e-be3f-8083fc38fb86",
          "parentUUID": "4e019844-d344-4808-91ad-39f5ce575cc3",
          "isHook": false,
          "skipped": false
        },
        {
          "title": "POST /JOB REF",
          "fullTitle": "POST /JOB REF",
          "timedOut": false,
          "duration": 205,
          "state": "passed",
          "speed": "slow",
          "pass": true,
          "fail": false,
          "pending": false,
          "context": null,
          "code": "return baseUrl.post('/ussd/dialer').set('Cookie', \"\".concat(Cookie)).send(data_msg_jobref).then(function (res) {\n  (0, _chai.expect)(res).to.not.be.empty;\n  (0, _chai.expect)(res.statusCode).to.eq(200);\n  (0, _chai.expect)(res.body.msg).to.contain(\"Application for REF3226E\"); //console.log(res.body.msg);\n});",
          "err": {},
          "uuid": "45bb4109-e47d-40ab-be33-82f86b87ecf2",
          "parentUUID": "4e019844-d344-4808-91ad-39f5ce575cc3",
          "isHook": false,
          "skipped": false
        },
        {
          "title": "POST /start",
          "fullTitle": "POST /start",
          "timedOut": false,
          "duration": 187,
          "state": "passed",
          "speed": "slow",
          "pass": true,
          "fail": false,
          "pending": false,
          "context": null,
          "code": "return baseUrl.post('/ussd/dialer').set('Cookie', \"\".concat(Cookie)).send(data_msg_1).then(function (res) {\n  (0, _chai.expect)(res).to.not.be.empty;\n  (0, _chai.expect)(res.statusCode).to.eq(200);\n  (0, _chai.expect)(res.body.msg).to.contain(\"Are you an Anglo American Employee\"); //console.log(res.body.msg);\n});",
          "err": {},
          "uuid": "e6dcdcbc-d292-4c67-8a5f-ec3b27dd2e37",
          "parentUUID": "4e019844-d344-4808-91ad-39f5ce575cc3",
          "isHook": false,
          "skipped": false
        },
        {
          "title": "POST /Are you an Anglo American Employee = Yes",
          "fullTitle": "POST /Are you an Anglo American Employee = Yes",
          "timedOut": false,
          "duration": 177,
          "state": "passed",
          "speed": "slow",
          "pass": true,
          "fail": false,
          "pending": false,
          "context": null,
          "code": "return baseUrl.post('/ussd/dialer').set('Cookie', \"\".concat(Cookie)).send(data_msg_1).then(function (res) {\n  (0, _chai.expect)(res).to.not.be.empty;\n  (0, _chai.expect)(res.statusCode).to.eq(200);\n  (0, _chai.expect)(res.body.msg).to.contain(\"Please provide Employee ID\"); //console.log(res.body.msg);\n});",
          "err": {},
          "uuid": "07144bc8-b85f-4898-bb83-9efd44957896",
          "parentUUID": "4e019844-d344-4808-91ad-39f5ce575cc3",
          "isHook": false,
          "skipped": false
        },
        {
          "title": "POST /Employee ID (Valid)",
          "fullTitle": "POST /Employee ID (Valid)",
          "timedOut": false,
          "duration": 161,
          "state": "passed",
          "speed": "slow",
          "pass": true,
          "fail": false,
          "pending": false,
          "context": null,
          "code": "return baseUrl.post('/ussd/dialer').set('Cookie', \"\".concat(Cookie)).send(data_msg_empno).then(function (res) {\n  (0, _chai.expect)(res).to.not.be.empty;\n  (0, _chai.expect)(res.statusCode).to.eq(200);\n  (0, _chai.expect)(res.body.msg).to.contain(\"Please provide Date of birth\"); //console.log(res.body.msg);\n});",
          "err": {},
          "uuid": "20e9508a-d1a5-4cc8-9f3c-f424e45a1b76",
          "parentUUID": "4e019844-d344-4808-91ad-39f5ce575cc3",
          "isHook": false,
          "skipped": false
        },
        {
          "title": "POST /Please provide Date of birth (Valid)",
          "fullTitle": "POST /Please provide Date of birth (Valid)",
          "timedOut": false,
          "duration": 195,
          "state": "passed",
          "speed": "slow",
          "pass": true,
          "fail": false,
          "pending": false,
          "context": null,
          "code": "return baseUrl.post('/ussd/dialer').set('Cookie', \"\".concat(Cookie)).send(data_msg_dob).then(function (res) {\n  (0, _chai.expect)(res).to.not.be.empty;\n  (0, _chai.expect)(res.statusCode).to.eq(200);\n  (0, _chai.expect)(res.body.msg).to.contain(\"Please provide the Applicant Mobile Number\"); //console.log(res.body.msg);\n});",
          "err": {},
          "uuid": "57d133ff-5efc-4581-a221-d1eda15d50e2",
          "parentUUID": "4e019844-d344-4808-91ad-39f5ce575cc3",
          "isHook": false,
          "skipped": false
        },
        {
          "title": "POST /Applicant Mobile Number",
          "fullTitle": "POST /Applicant Mobile Number",
          "timedOut": false,
          "duration": 181,
          "state": "passed",
          "speed": "slow",
          "pass": true,
          "fail": false,
          "pending": false,
          "context": null,
          "code": "return baseUrl.post('/ussd/dialer').set('Cookie', \"\".concat(Cookie)).send(data_msg_msisdn).then(function (res) {\n  (0, _chai.expect)(res).to.not.be.empty;\n  (0, _chai.expect)(res.statusCode).to.eq(200);\n  (0, _chai.expect)(res.body.msg).to.contain(\"Please choose your type of ID\"); //console.log(res.body.msg);\n});",
          "err": {},
          "uuid": "c72150a6-2697-48a9-a21d-f002ff341094",
          "parentUUID": "4e019844-d344-4808-91ad-39f5ce575cc3",
          "isHook": false,
          "skipped": false
        },
        {
          "title": "POST /Please choose your type of ID (ID)",
          "fullTitle": "POST /Please choose your type of ID (ID)",
          "timedOut": false,
          "duration": 148,
          "state": "passed",
          "speed": "slow",
          "pass": true,
          "fail": false,
          "pending": false,
          "context": null,
          "code": "return baseUrl.post('/ussd/dialer').set('Cookie', \"\".concat(Cookie)).send(data_msg_1).then(function (res) {\n  (0, _chai.expect)(res).to.not.be.empty;\n  (0, _chai.expect)(res.statusCode).to.eq(200);\n  (0, _chai.expect)(res.body.msg).to.contain(\"Do you have the right to work\"); //console.log(res.body.msg);\n});",
          "err": {},
          "uuid": "419d6c65-b9be-4f57-9515-1977bf32a590",
          "parentUUID": "4e019844-d344-4808-91ad-39f5ce575cc3",
          "isHook": false,
          "skipped": false
        },
        {
          "title": "POST /Do you have the right to work",
          "fullTitle": "POST /Do you have the right to work",
          "timedOut": false,
          "duration": 165,
          "state": "passed",
          "speed": "slow",
          "pass": true,
          "fail": false,
          "pending": false,
          "context": null,
          "code": "return baseUrl.post('/ussd/dialer').set('Cookie', \"\".concat(Cookie)).send(data_msg_1).then(function (res) {\n  (0, _chai.expect)(res).to.not.be.empty;\n  (0, _chai.expect)(res.statusCode).to.eq(200);\n  (0, _chai.expect)(res.body.msg).to.contain(\"What is your employment status\"); //console.log(res.body.msg);\n});",
          "err": {},
          "uuid": "214ec77a-bf70-4252-a021-a4e442c11efb",
          "parentUUID": "4e019844-d344-4808-91ad-39f5ce575cc3",
          "isHook": false,
          "skipped": false
        },
        {
          "title": "POST /What is your employment status",
          "fullTitle": "POST /What is your employment status",
          "timedOut": false,
          "duration": 145,
          "state": "passed",
          "speed": "slow",
          "pass": true,
          "fail": false,
          "pending": false,
          "context": null,
          "code": "return baseUrl.post('/ussd/dialer').set('Cookie', \"\".concat(Cookie)).send(data_msg_3).then(function (res) {\n  (0, _chai.expect)(res).to.not.be.empty;\n  (0, _chai.expect)(res.statusCode).to.eq(200);\n  (0, _chai.expect)(res.body.msg).to.contain(\"Select your nationality\"); //console.log(res.body.msg);\n});",
          "err": {},
          "uuid": "3d457123-fbb4-4e7d-8a43-6663b44702c1",
          "parentUUID": "4e019844-d344-4808-91ad-39f5ce575cc3",
          "isHook": false,
          "skipped": false
        },
        {
          "title": "POST /Select your nationality",
          "fullTitle": "POST /Select your nationality",
          "timedOut": false,
          "duration": 167,
          "state": "passed",
          "speed": "slow",
          "pass": true,
          "fail": false,
          "pending": false,
          "context": null,
          "code": "return baseUrl.post('/ussd/dialer').set('Cookie', \"\".concat(Cookie)).send(data_msg_1).then(function (res) {\n  (0, _chai.expect)(res).to.not.be.empty;\n  (0, _chai.expect)(res.statusCode).to.eq(200);\n  (0, _chai.expect)(res.body.msg).to.contain(\"Insert your 13 digit ID\"); //console.log(res.body.msg);\n});",
          "err": {},
          "uuid": "205c9150-1b54-4391-9ef1-b8ad67d64f86",
          "parentUUID": "4e019844-d344-4808-91ad-39f5ce575cc3",
          "isHook": false,
          "skipped": false
        },
        {
          "title": "POST /Insert your 13 digit ID (Valid ID)",
          "fullTitle": "POST /Insert your 13 digit ID (Valid ID)",
          "timedOut": false,
          "duration": 168,
          "state": "passed",
          "speed": "slow",
          "pass": true,
          "fail": false,
          "pending": false,
          "context": null,
          "code": "return baseUrl.post('/ussd/dialer').set('Cookie', \"\".concat(Cookie)).send(data_msg_idnumber).then(function (res) {\n  (0, _chai.expect)(res).to.not.be.empty;\n  (0, _chai.expect)(res.statusCode).to.eq(200);\n  (0, _chai.expect)(res.body.msg).to.contain(\"Select your gender\"); //console.log(res.body.msg);\n});",
          "err": {},
          "uuid": "9c579c8b-f101-490e-b8bc-73052f08eccc",
          "parentUUID": "4e019844-d344-4808-91ad-39f5ce575cc3",
          "isHook": false,
          "skipped": false
        },
        {
          "title": "POST /Select your gender",
          "fullTitle": "POST /Select your gender",
          "timedOut": false,
          "duration": 184,
          "state": "passed",
          "speed": "slow",
          "pass": true,
          "fail": false,
          "pending": false,
          "context": null,
          "code": "return baseUrl.post('/ussd/dialer').set('Cookie', \"\".concat(Cookie)).send(data_msg_2).then(function (res) {\n  (0, _chai.expect)(res).to.not.be.empty;\n  (0, _chai.expect)(res.statusCode).to.eq(200);\n  (0, _chai.expect)(res.body.msg).to.contain(\"Select your race\"); //console.log(res.body.msg);\n});",
          "err": {},
          "uuid": "4e3c1163-158d-4440-9165-55bc43060f5c",
          "parentUUID": "4e019844-d344-4808-91ad-39f5ce575cc3",
          "isHook": false,
          "skipped": false
        },
        {
          "title": "POST /Select your race",
          "fullTitle": "POST /Select your race",
          "timedOut": false,
          "duration": 184,
          "state": "passed",
          "speed": "slow",
          "pass": true,
          "fail": false,
          "pending": false,
          "context": null,
          "code": "return baseUrl.post('/ussd/dialer').set('Cookie', \"\".concat(Cookie)).send(data_msg_1).then(function (res) {\n  (0, _chai.expect)(res).to.not.be.empty;\n  (0, _chai.expect)(res.statusCode).to.eq(200);\n  (0, _chai.expect)(res.body.msg).to.contain(\"disability\"); //console.log(res.body.msg);\n});",
          "err": {},
          "uuid": "ce308673-f9d4-442b-898e-d62a709d8743",
          "parentUUID": "4e019844-d344-4808-91ad-39f5ce575cc3",
          "isHook": false,
          "skipped": false
        },
        {
          "title": "POST /Have a disability",
          "fullTitle": "POST /Have a disability",
          "timedOut": false,
          "duration": 165,
          "state": "passed",
          "speed": "slow",
          "pass": true,
          "fail": false,
          "pending": false,
          "context": null,
          "code": "return baseUrl.post('/ussd/dialer').set('Cookie', \"\".concat(Cookie)).send(data_msg_2).then(function (res) {\n  (0, _chai.expect)(res).to.not.be.empty;\n  (0, _chai.expect)(res.statusCode).to.eq(200);\n  (0, _chai.expect)(res.body.msg).to.contain(\"required certifications\"); //console.log(res.body.msg);\n});",
          "err": {},
          "uuid": "376b60cc-a156-4d9d-a2b7-48120041489f",
          "parentUUID": "4e019844-d344-4808-91ad-39f5ce575cc3",
          "isHook": false,
          "skipped": false
        },
        {
          "title": "POST /Required certifications",
          "fullTitle": "POST /Required certifications",
          "timedOut": false,
          "duration": 154,
          "state": "passed",
          "speed": "slow",
          "pass": true,
          "fail": false,
          "pending": false,
          "context": null,
          "code": "return baseUrl.post('/ussd/dialer').set('Cookie', \"\".concat(Cookie)).send(data_msg_1).then(function (res) {\n  (0, _chai.expect)(res).to.not.be.empty;\n  (0, _chai.expect)(res.statusCode).to.eq(200);\n  (0, _chai.expect)(res.body.msg).to.contain(\"highest qualification\"); //console.log(res.body.msg);\n});",
          "err": {},
          "uuid": "a9575ebf-d67f-4248-baf0-59a0b8210192",
          "parentUUID": "4e019844-d344-4808-91ad-39f5ce575cc3",
          "isHook": false,
          "skipped": false
        },
        {
          "title": "POST /Highest qualification",
          "fullTitle": "POST /Highest qualification",
          "timedOut": false,
          "duration": 158,
          "state": "passed",
          "speed": "slow",
          "pass": true,
          "fail": false,
          "pending": false,
          "context": null,
          "code": "return baseUrl.post('/ussd/dialer').set('Cookie', \"\".concat(Cookie)).send(data_msg_1).then(function (res) {\n  (0, _chai.expect)(res).to.not.be.empty;\n  (0, _chai.expect)(res.statusCode).to.eq(200);\n  (0, _chai.expect)(res.body.msg).to.contain(\"Institution\"); //console.log(res.body.msg);\n});",
          "err": {},
          "uuid": "0ff33348-6a23-4ab3-8148-82868dfc352f",
          "parentUUID": "4e019844-d344-4808-91ad-39f5ce575cc3",
          "isHook": false,
          "skipped": false
        },
        {
          "title": "POST /Institution",
          "fullTitle": "POST /Institution",
          "timedOut": false,
          "duration": 186,
          "state": "passed",
          "speed": "slow",
          "pass": true,
          "fail": false,
          "pending": false,
          "context": null,
          "code": "return baseUrl.post('/ussd/dialer').set('Cookie', \"\".concat(Cookie)).send(data_msg_someplace).then(function (res) {\n  (0, _chai.expect)(res).to.not.be.empty;\n  (0, _chai.expect)(res.statusCode).to.eq(200);\n  (0, _chai.expect)(res.body.msg).to.contain(\"completed your highest\"); //console.log(res.body.msg);\n});",
          "err": {},
          "uuid": "32ca0a62-de08-4ab7-a950-42df838d78a3",
          "parentUUID": "4e019844-d344-4808-91ad-39f5ce575cc3",
          "isHook": false,
          "skipped": false
        },
        {
          "title": "POST /Completed your highest",
          "fullTitle": "POST /Completed your highest",
          "timedOut": false,
          "duration": 214,
          "state": "passed",
          "speed": "slow",
          "pass": true,
          "fail": false,
          "pending": false,
          "context": null,
          "code": "return baseUrl.post('/ussd/dialer').set('Cookie', \"\".concat(Cookie)).send(data_msg_completed_highest).then(function (res) {\n  (0, _chai.expect)(res).to.not.be.empty;\n  (0, _chai.expect)(res.statusCode).to.eq(200);\n  (0, _chai.expect)(res.body.msg).to.contain(\"Name of Highest Qualification\"); //console.log(res.body.msg);\n});",
          "err": {},
          "uuid": "808ddaf6-26cd-40b0-9380-bc401056e566",
          "parentUUID": "4e019844-d344-4808-91ad-39f5ce575cc3",
          "isHook": false,
          "skipped": false
        },
        {
          "title": "POST /Name of Highest Qualification",
          "fullTitle": "POST /Name of Highest Qualification",
          "timedOut": false,
          "duration": 156,
          "state": "passed",
          "speed": "slow",
          "pass": true,
          "fail": false,
          "pending": false,
          "context": null,
          "code": "return baseUrl.post('/ussd/dialer').set('Cookie', \"\".concat(Cookie)).send(data_msg_highest_qualification).then(function (res) {\n  (0, _chai.expect)(res).to.not.be.empty;\n  (0, _chai.expect)(res.statusCode).to.eq(200);\n  (0, _chai.expect)(res.body.msg).to.contain(\"other relevant certifications\"); //console.log(res.body.msg);\n});",
          "err": {},
          "uuid": "6299ecf3-6b60-4cf2-bdc7-4a7bd4d9ed41",
          "parentUUID": "4e019844-d344-4808-91ad-39f5ce575cc3",
          "isHook": false,
          "skipped": false
        },
        {
          "title": "POST /Other relevant certifications",
          "fullTitle": "POST /Other relevant certifications",
          "timedOut": false,
          "duration": 158,
          "state": "passed",
          "speed": "slow",
          "pass": true,
          "fail": false,
          "pending": false,
          "context": null,
          "code": "return baseUrl.post('/ussd/dialer').set('Cookie', \"\".concat(Cookie)).send(data_msg_other_relevant).then(function (res) {\n  (0, _chai.expect)(res).to.not.be.empty;\n  (0, _chai.expect)(res.statusCode).to.eq(200);\n  (0, _chai.expect)(res.body.msg).to.contain(\"How many Kms\"); //console.log(res.body.msg);\n});",
          "err": {},
          "uuid": "0d2ffe1f-6d82-491c-87ba-64cc5777071f",
          "parentUUID": "4e019844-d344-4808-91ad-39f5ce575cc3",
          "isHook": false,
          "skipped": false
        },
        {
          "title": "POST /How many Kms",
          "fullTitle": "POST /How many Kms",
          "timedOut": false,
          "duration": 787,
          "state": "passed",
          "speed": "slow",
          "pass": true,
          "fail": false,
          "pending": false,
          "context": null,
          "code": "return baseUrl.post('/ussd/dialer').set('Cookie', \"\".concat(Cookie)).send(data_msg_2).then(function (res) {\n  (0, _chai.expect)(res).to.not.be.empty;\n  (0, _chai.expect)(res.statusCode).to.eq(200);\n  (0, _chai.expect)(res.body.msg).to.contain(\"Indicate your current Town or Village\"); //console.log(res.body.msg);\n});",
          "err": {},
          "uuid": "488ee122-6d16-4c60-b24a-26d5b32416f8",
          "parentUUID": "4e019844-d344-4808-91ad-39f5ce575cc3",
          "isHook": false,
          "skipped": false
        },
        {
          "title": "POST /Indicate your current Town or Village",
          "fullTitle": "POST /Indicate your current Town or Village",
          "timedOut": false,
          "duration": 188,
          "state": "passed",
          "speed": "slow",
          "pass": true,
          "fail": false,
          "pending": false,
          "context": null,
          "code": "return baseUrl.post('/ussd/dialer').set('Cookie', \"\".concat(Cookie)).send(data_msg_current_town).then(function (res) {\n  (0, _chai.expect)(res).to.not.be.empty;\n  (0, _chai.expect)(res.statusCode).to.eq(200);\n  (0, _chai.expect)(res.body.msg).to.contain(\"Please provide your postcode\"); //console.log(res.body.msg);\n});",
          "err": {},
          "uuid": "027fe6e5-1874-44e3-969a-808f97de96de",
          "parentUUID": "4e019844-d344-4808-91ad-39f5ce575cc3",
          "isHook": false,
          "skipped": false
        },
        {
          "title": "POST /Please provide your postcode",
          "fullTitle": "POST /Please provide your postcode",
          "timedOut": false,
          "duration": 611,
          "state": "passed",
          "speed": "slow",
          "pass": true,
          "fail": false,
          "pending": false,
          "context": null,
          "code": "return baseUrl.post('/ussd/dialer').set('Cookie', \"\".concat(Cookie)).send(data_msg_postcode).then(function (res) {\n  (0, _chai.expect)(res).to.not.be.empty;\n  (0, _chai.expect)(res.statusCode).to.eq(200);\n  (0, _chai.expect)(res.body.msg).to.contain(\"Indicate your valid drivers licence\"); //console.log(res.body.msg);\n});",
          "err": {},
          "uuid": "9c1602a1-658c-4f46-9ef0-d26a5ebddb40",
          "parentUUID": "4e019844-d344-4808-91ad-39f5ce575cc3",
          "isHook": false,
          "skipped": false
        },
        {
          "title": "POST /Indicate your valid drivers licence",
          "fullTitle": "POST /Indicate your valid drivers licence",
          "timedOut": false,
          "duration": 205,
          "state": "passed",
          "speed": "slow",
          "pass": true,
          "fail": false,
          "pending": false,
          "context": null,
          "code": "return baseUrl.post('/ussd/dialer').set('Cookie', \"\".concat(Cookie)).send(data_msg_2).then(function (res) {\n  (0, _chai.expect)(res).to.not.be.empty;\n  (0, _chai.expect)(res.statusCode).to.eq(200);\n  (0, _chai.expect)(res.body.msg).to.contain(\"Select how many years experience\"); //console.log(res.body.msg);\n});",
          "err": {},
          "uuid": "7b4fcbc6-a2ac-4f95-90b0-129cc8b760a1",
          "parentUUID": "4e019844-d344-4808-91ad-39f5ce575cc3",
          "isHook": false,
          "skipped": false
        },
        {
          "title": "POST /Select how many years experience",
          "fullTitle": "POST /Select how many years experience",
          "timedOut": false,
          "duration": 188,
          "state": "passed",
          "speed": "slow",
          "pass": true,
          "fail": false,
          "pending": false,
          "context": null,
          "code": "return baseUrl.post('/ussd/dialer').set('Cookie', \"\".concat(Cookie)).send(data_msg_3).then(function (res) {\n  (0, _chai.expect)(res).to.not.be.empty;\n  (0, _chai.expect)(res.statusCode).to.eq(200);\n  (0, _chai.expect)(res.body.msg).to.contain(\"Do you consent\"); //console.log(res.body.msg);\n});",
          "err": {},
          "uuid": "0a933c04-3211-4784-9d4e-6f1d2183ae3b",
          "parentUUID": "4e019844-d344-4808-91ad-39f5ce575cc3",
          "isHook": false,
          "skipped": false
        },
        {
          "title": "POST /Do you consent",
          "fullTitle": "POST /Do you consent",
          "timedOut": false,
          "duration": 4324,
          "state": "passed",
          "speed": "slow",
          "pass": true,
          "fail": false,
          "pending": false,
          "context": null,
          "code": "return baseUrl.post('/ussd/dialer').set('Cookie', \"\".concat(Cookie)).send(data_msg_1).then(function (res) {\n  (0, _chai.expect)(res).to.not.be.empty;\n  (0, _chai.expect)(res.statusCode).to.eq(200);\n  (0, _chai.expect)(res.body.msg).to.contain(\"Application successfully submitted\");\n  console.log(res.body.msg);\n});",
          "err": {},
          "uuid": "7e061e05-a7d5-4819-92c9-1634fd1d2210",
          "parentUUID": "4e019844-d344-4808-91ad-39f5ce575cc3",
          "isHook": false,
          "skipped": false
        },
        {
          "title": "POST /End Session",
          "fullTitle": "POST /End Session",
          "timedOut": false,
          "duration": 127,
          "state": "passed",
          "speed": "slow",
          "pass": true,
          "fail": false,
          "pending": false,
          "context": null,
          "code": "return baseUrl.post('/ussd/dialer').set('Cookie', \"\".concat(Cookie)).send(data_msg_end_session).then(function (res) {\n  (0, _chai.expect)(res).to.not.be.empty;\n  (0, _chai.expect)(res.statusCode).to.eq(200);\n  (0, _chai.expect)(res.body.msg).to.contain(\"\");\n  console.log(res.body.msg);\n});",
          "err": {},
          "uuid": "4ad938ff-a3f3-4203-8626-148e3633b406",
          "parentUUID": "4e019844-d344-4808-91ad-39f5ce575cc3",
          "isHook": false,
          "skipped": false
        }
      ],
      "suites": [],
      "passes": [
        "adb3e099-34c9-432a-ba54-6e85145f129e",
        "3cb53e9f-3bc5-4276-bb1f-431020e64254",
        "9db68205-00a7-4ce3-81c0-bb600f2bc76e",
        "78f1d07a-750e-407e-be3f-8083fc38fb86",
        "45bb4109-e47d-40ab-be33-82f86b87ecf2",
        "e6dcdcbc-d292-4c67-8a5f-ec3b27dd2e37",
        "07144bc8-b85f-4898-bb83-9efd44957896",
        "20e9508a-d1a5-4cc8-9f3c-f424e45a1b76",
        "57d133ff-5efc-4581-a221-d1eda15d50e2",
        "c72150a6-2697-48a9-a21d-f002ff341094",
        "419d6c65-b9be-4f57-9515-1977bf32a590",
        "214ec77a-bf70-4252-a021-a4e442c11efb",
        "3d457123-fbb4-4e7d-8a43-6663b44702c1",
        "205c9150-1b54-4391-9ef1-b8ad67d64f86",
        "9c579c8b-f101-490e-b8bc-73052f08eccc",
        "4e3c1163-158d-4440-9165-55bc43060f5c",
        "ce308673-f9d4-442b-898e-d62a709d8743",
        "376b60cc-a156-4d9d-a2b7-48120041489f",
        "a9575ebf-d67f-4248-baf0-59a0b8210192",
        "0ff33348-6a23-4ab3-8148-82868dfc352f",
        "32ca0a62-de08-4ab7-a950-42df838d78a3",
        "808ddaf6-26cd-40b0-9380-bc401056e566",
        "6299ecf3-6b60-4cf2-bdc7-4a7bd4d9ed41",
        "0d2ffe1f-6d82-491c-87ba-64cc5777071f",
        "488ee122-6d16-4c60-b24a-26d5b32416f8",
        "027fe6e5-1874-44e3-969a-808f97de96de",
        "9c1602a1-658c-4f46-9ef0-d26a5ebddb40",
        "7b4fcbc6-a2ac-4f95-90b0-129cc8b760a1",
        "0a933c04-3211-4784-9d4e-6f1d2183ae3b",
        "7e061e05-a7d5-4819-92c9-1634fd1d2210",
        "4ad938ff-a3f3-4203-8626-148e3633b406"
      ],
      "failures": [],
      "pending": [],
      "skipped": [],
      "duration": 10671,
      "root": true,
      "rootEmpty": false,
      "_timeout": 10000
    }
  ],
  "meta": {
    "mocha": {
      "version": "10.0.0"
    },
    "mochawesome": {
      "options": {
        "quiet": false,
        "reportFilename": "mochawesome",
        "saveHtml": true,
        "saveJson": true,
        "consoleReporter": "spec",
        "useInlineDiffs": false,
        "code": true
      },
      "version": "7.1.3"
    },
    "marge": {
      "options": null,
      "version": "6.2.0"
    }
  }
}